
 20: 30 : 39 : LogManager startUp()
 20: 30 : 39 : WorldManager startUp()
 20: 30 : 39 : Font accepted
 20: 30 : 39 : DisplayManager started
 20: 30 : 39 : SRM::startUp(): Successfully started.
 20: 30 : 39 : InputManager starting up
 20: 30 : 39 : Box width 80.000000 height 24.000000
 20: 30 : 39 : SRM::loadSprite(): Loading sprite 'sprites/player-left-spr.txt'.
 20: 30 : 39 : SRM::loadSprite(): Opened file 'sprites/player-left-spr.txt'.
 20: 30 : 39 : 	      Frames: 4
 20: 30 : 39 : 	       Width: 3
 20: 30 : 39 : 	      Height: 3
 20: 30 : 39 : 	    Slowdown: 4
 20: 30 : 39 : 	       Color: blue
 20: 30 : 39 : SRM::loadSprite(): Sprite 'playerL' loaded.
 20: 30 : 39 : SRM::loadSprite(): Loading sprite 'sprites/player-right-spr.txt'.
 20: 30 : 39 : SRM::loadSprite(): Opened file 'sprites/player-right-spr.txt'.
 20: 30 : 39 : 	      Frames: 4
 20: 30 : 39 : 	       Width: 3
 20: 30 : 39 : 	      Height: 3
 20: 30 : 39 : 	    Slowdown: 4
 20: 30 : 39 : 	       Color: blue
 20: 30 : 39 : SRM::loadSprite(): Sprite 'playerR' loaded.
 20: 30 : 39 : SRM::loadSprite(): Loading sprite 'sprites/enemy-left-spr.txt'.
 20: 30 : 39 : SRM::loadSprite(): Opened file 'sprites/enemy-left-spr.txt'.
 20: 30 : 39 : 	      Frames: 4
 20: 30 : 39 : 	       Width: 3
 20: 30 : 39 : 	      Height: 3
 20: 30 : 39 : 	    Slowdown: 4
 20: 30 : 39 : 	       Color: red
 20: 30 : 39 : SRM::loadSprite(): Sprite 'enemyL' loaded.
 20: 30 : 39 : SRM::loadSprite(): Loading sprite 'sprites/enemy-right-spr.txt'.
 20: 30 : 39 : SRM::loadSprite(): Opened file 'sprites/enemy-right-spr.txt'.
 20: 30 : 39 : 	      Frames: 4
 20: 30 : 39 : 	       Width: 3
 20: 30 : 39 : 	      Height: 3
 20: 30 : 39 : 	    Slowdown: 4
 20: 30 : 39 : 	       Color: red
 20: 30 : 39 : SRM::loadSprite(): Sprite 'enemyR' loaded.
 20: 30 : 39 : SRM::loadSprite(): Loading sprite 'sprites/bullet-spr.txt'.
 20: 30 : 39 : SRM::loadSprite(): Opened file 'sprites/bullet-spr.txt'.
 20: 30 : 39 : 	      Frames: 1
 20: 30 : 39 : 	       Width: 1
 20: 30 : 39 : 	      Height: 1
 20: 30 : 39 : 	    Slowdown: 5
 20: 30 : 39 : 	       Color: white
 20: 30 : 39 : SRM::loadSprite(): Sprite 'bullet' loaded.
 20: 30 : 39 : SRM::loadSprite(): Loading sprite 'sprites/gameover-spr.txt'.
 20: 30 : 39 : SRM::loadSprite(): Opened file 'sprites/gameover-spr.txt'.
 20: 30 : 39 : SRM::loadSprite(): Warning! Unused HEADER lines:
 20: 30 : 39 : 	'transparency #'
 20: 30 : 39 : 	      Frames: 12
 20: 30 : 39 : 	       Width: 54
 20: 30 : 39 : 	      Height: 5
 20: 30 : 39 : 	    Slowdown: 15
 20: 30 : 39 : 	       Color: cyan
 20: 30 : 39 : SRM::loadSprite(): Sprite 'gameover' loaded.
 20: 30 : 39 : SRM::loadSprite(): Loading sprite 'sprites/gamestart-spr.txt'.
 20: 30 : 39 : SRM::loadSprite(): Opened file 'sprites/gamestart-spr.txt'.
 20: 30 : 39 : 	      Frames: 1
 20: 30 : 39 : 	       Width: 64
 20: 30 : 39 : 	      Height: 8
 20: 30 : 39 : 	    Slowdown: 15
 20: 30 : 39 : 	       Color: yellow
 20: 30 : 39 : SRM::loadSprite(): Sprite 'gamestart' loaded.
 20: 30 : 39 : SRM::loadSprite(): Loading sprite 'sprites/healthpack-spr.txt'.
 20: 30 : 39 : SRM::loadSprite(): Opened file 'sprites/healthpack-spr.txt'.
 20: 30 : 39 : 	      Frames: 2
 20: 30 : 39 : 	       Width: 3
 20: 30 : 39 : 	      Height: 2
 20: 30 : 39 : 	    Slowdown: 15
 20: 30 : 39 : 	       Color: red
 20: 30 : 39 : SRM::loadSprite(): Sprite 'healthpack' loaded.
 20: 30 : 39 : SRM::loadSprite(): Loading sprite 'sprites/LevelEnd.txt'.
 20: 30 : 39 : SRM::loadSprite(): Opened file 'sprites/LevelEnd.txt'.
 20: 30 : 39 : 	      Frames: 1
 20: 30 : 39 : 	       Width: 2
 20: 30 : 39 : 	      Height: 2
 20: 30 : 39 : 	    Slowdown: 3
 20: 30 : 39 : 	       Color: green
 20: 30 : 39 : SRM::loadSprite(): Sprite 'LevelEnd' loaded.
 20: 30 : 39 : SRM::loadSprite(): Loading sprite 'sprites/one-char-wall-h-spr.txt'.
 20: 30 : 39 : SRM::loadSprite(): Opened file 'sprites/one-char-wall-h-spr.txt'.
 20: 30 : 39 : 	      Frames: 1
 20: 30 : 39 : 	       Width: 1
 20: 30 : 39 : 	      Height: 1
 20: 30 : 39 : 	    Slowdown: 5
 20: 30 : 39 : 	       Color: white
 20: 30 : 39 : SRM::loadSprite(): Sprite 'one char wall h' loaded.
 20: 30 : 39 : SRM::loadSprite(): Loading sprite 'sprites/one-char-wall-v-spr.txt'.
 20: 30 : 39 : SRM::loadSprite(): Opened file 'sprites/one-char-wall-v-spr.txt'.
 20: 30 : 39 : 	      Frames: 1
 20: 30 : 39 : 	       Width: 1
 20: 30 : 39 : 	      Height: 1
 20: 30 : 39 : 	    Slowdown: 5
 20: 30 : 39 : 	       Color: white
 20: 30 : 39 : SRM::loadSprite(): Sprite 'one char wall v' loaded.
 20: 30 : 39 : SRM::loadSprite(): Loading sprite 'sprites/container-wall-h-up-spr.txt'.
 20: 30 : 39 : SRM::loadSprite(): Error! Cannot open file 'sprites/container-wall-h-up-spr.txt'.
 20: 30 : 39 : SRM::loadSprite(): Sprite 'container wall h up' not loaded.
 20: 30 : 39 : SRM::loadSprite(): Loading sprite 'sprites/container-wall-h-down-spr.txt'.
 20: 30 : 39 : SRM::loadSprite(): Error! Cannot open file 'sprites/container-wall-h-down-spr.txt'.
 20: 30 : 39 : SRM::loadSprite(): Sprite 'container wall h down' not loaded.
 20: 30 : 39 : SRM::loadSprite(): Loading sprite 'sprites/container-wall-h-spr.txt'.
 20: 30 : 39 : SRM::loadSprite(): Opened file 'sprites/container-wall-h-spr.txt'.
 20: 30 : 39 : 	      Frames: 1
 20: 30 : 39 : 	       Width: 40
 20: 30 : 39 : 	      Height: 1
 20: 30 : 39 : 	    Slowdown: 5
 20: 30 : 39 : 	       Color: white
 20: 30 : 39 : SRM::loadSprite(): Sprite 'container wall h' loaded.
 20: 30 : 39 : SRM::loadSprite(): Loading sprite 'sprites/container-wall-v-spr.txt'.
 20: 30 : 39 : SRM::loadSprite(): Opened file 'sprites/container-wall-v-spr.txt'.
 20: 30 : 39 : 	      Frames: 1
 20: 30 : 39 : 	       Width: 1
 20: 30 : 39 : 	      Height: 12
 20: 30 : 39 : 	    Slowdown: 5
 20: 30 : 39 : 	       Color: white
 20: 30 : 39 : SRM::loadSprite(): Sprite 'container wall v' loaded.
 20: 30 : 39 : SRM::loadSprite(): Loading sprite 'sprites/box-spr.txt'.
 20: 30 : 39 : SRM::loadSprite(): Opened file 'sprites/box-spr.txt'.
 20: 30 : 39 : 	      Frames: 1
 20: 30 : 39 : 	       Width: 14
 20: 30 : 39 : 	      Height: 7
 20: 30 : 39 : 	    Slowdown: 5
 20: 30 : 39 : 	       Color: white
 20: 30 : 39 : SRM::loadSprite(): Sprite 'box' loaded.
 20: 30 : 39 : SRM::loadSprite(): Loading sprite 'sprites/container-barrier-wall-h-spr.txt'.
 20: 30 : 39 : SRM::loadSprite(): Opened file 'sprites/container-barrier-wall-h-spr.txt'.
 20: 30 : 40 : 	      Frames: 1
 20: 30 : 40 : 	       Width: 5
 20: 30 : 40 : 	      Height: 1
 20: 30 : 40 : 	    Slowdown: 5
 20: 30 : 40 : 	       Color: white
 20: 30 : 40 : SRM::loadSprite(): Sprite 'container barrier wall h' loaded.
 20: 30 : 40 : SRM::loadSprite(): Loading sprite 'sprites/container-barrier-wall-v-spr.txt'.
 20: 30 : 40 : SRM::loadSprite(): Opened file 'sprites/container-barrier-wall-v-spr.txt'.
 20: 30 : 40 : 	      Frames: 1
 20: 30 : 40 : 	       Width: 1
 20: 30 : 40 : 	      Height: 9
 20: 30 : 40 : 	    Slowdown: 5
 20: 30 : 40 : 	       Color: white
 20: 30 : 40 : SRM::loadSprite(): Sprite 'container barrier wall v' loaded.
 20: 30 : 40 : SRM::loadSprite(): Loading sprite 'sprites/fov-spr.txt'.
 20: 30 : 40 : SRM::loadSprite(): Opened file 'sprites/fov-spr.txt'.
 20: 30 : 40 : 	      Frames: 2
 20: 30 : 40 : 	       Width: 10
 20: 30 : 40 : 	      Height: 3
 20: 30 : 40 : 	    Slowdown: 4
 20: 30 : 40 : 	       Color: yellow
 20: 30 : 40 : SRM::loadSprite(): Sprite 'fov' loaded.
 20: 30 : 40 : SRM::loadSprite(): Loading sprite 'sprites/widebox-spr.txt'.
 20: 30 : 40 : SRM::loadSprite(): Opened file 'sprites/widebox-spr.txt'.
 20: 30 : 40 : 	      Frames: 1
 20: 30 : 40 : 	       Width: 34
 20: 30 : 40 : 	      Height: 7
 20: 30 : 40 : 	    Slowdown: 5
 20: 30 : 40 : 	       Color: white
 20: 30 : 40 : SRM::loadSprite(): Sprite 'widebox' loaded.
 20: 30 : 40 : SRM::loadSprite(): Loading sprite 'sprites/intel-spr.txt'.
 20: 30 : 40 : SRM::loadSprite(): Opened file 'sprites/intel-spr.txt'.
 20: 30 : 40 : 	      Frames: 2
 20: 30 : 40 : 	       Width: 5
 20: 30 : 40 : 	      Height: 3
 20: 30 : 40 : 	    Slowdown: 15
 20: 30 : 40 : 	       Color: green
 20: 30 : 40 : SRM::loadSprite(): Sprite 'intel' loaded.
 20: 30 : 40 : GameStart
 20: 30 : 40 : GameManager run()
 20: 30 : 40 : 3
 20: 30 : 40 : Obstacle Created
 20: 30 : 40 : Obstacle Created
 20: 30 : 40 : Obstacle Created
 20: 30 : 40 : Obstacle Created
 20: 30 : 40 : Obstacle Created
 20: 30 : 40 : Obstacle Created
 20: 30 : 40 : Obstacle Created
 20: 30 : 40 : Obstacle Created
 20: 30 : 40 : Obstacle Created
 20: 30 : 40 : Obstacle Created
 20: 30 : 40 : Obstacle Created
 20: 30 : 40 : Obstacle Created
 20: 30 : 40 : Obstacle Created
 20: 30 : 40 : Obstacle Created
 20: 30 : 40 : Obstacle Created
 20: 30 : 40 : Obstacle Created
 20: 30 : 40 : Obstacle Created
 20: 30 : 40 : Obstacle Created
 20: 30 : 40 : Obstacle Created
 20: 30 : 40 : Obstacle Created
 20: 30 : 40 : Obstacle Created
 20: 30 : 40 : Obstacle Created
 20: 30 : 40 : Obstacle Created
 20: 30 : 40 : Obstacle Created
 20: 30 : 40 : Obstacle Created
 20: 30 : 40 : Obstacle Created
 20: 30 : 40 : Obstacle Created
 20: 30 : 40 : Obstacle Created
 20: 30 : 40 : Obstacle Created
 20: 30 : 40 : Obstacle Created
 20: 30 : 40 : Obstacle Created
 20: 30 : 40 : Obstacle Created
 20: 30 : 40 : Obstacle Created
 20: 30 : 40 : Obstacle Created
 20: 30 : 40 : Obstacle Created
 20: 30 : 40 : the sprite loaded
 20: 30 : 40 : the sprite loaded
 20: 30 : 40 : the sprite loaded
 20: 30 : 40 : the sprite loaded
 20: 30 : 46 : Object 6 marked for deletion!
 20: 30 : 46 : Object 7 marked for deletion!
 20: 30 : 46 : Object 8 marked for deletion!
 20: 30 : 46 : Object 9 marked for deletion!
 20: 30 : 46 : Object 10 marked for deletion!
 20: 30 : 46 : Object 11 marked for deletion!
 20: 30 : 46 : Object 12 marked for deletion!
 20: 30 : 46 : Object 13 marked for deletion!
 20: 30 : 46 : Object 14 marked for deletion!
 20: 30 : 46 : Object 15 marked for deletion!
 20: 30 : 46 : Object 16 marked for deletion!
 20: 30 : 46 : Object 17 marked for deletion!
 20: 30 : 46 : Object 18 marked for deletion!
 20: 30 : 46 : Object 19 marked for deletion!
 20: 30 : 46 : Object 20 marked for deletion!
 20: 30 : 46 : Object 21 marked for deletion!
 20: 30 : 46 : Object 22 marked for deletion!
 20: 30 : 46 : Object 23 marked for deletion!
 20: 30 : 46 : Object 24 marked for deletion!
 20: 30 : 46 : Object 25 marked for deletion!
 20: 30 : 46 : Object 26 marked for deletion!
 20: 30 : 46 : Object 27 marked for deletion!
 20: 30 : 46 : Object 28 marked for deletion!
 20: 30 : 46 : Object 29 marked for deletion!
 20: 30 : 46 : Object 30 marked for deletion!
 20: 30 : 46 : Object 31 marked for deletion!
 20: 30 : 46 : Object 32 marked for deletion!
 20: 30 : 46 : Object 33 marked for deletion!
 20: 30 : 46 : Object 34 marked for deletion!
 20: 30 : 46 : Object 35 marked for deletion!
 20: 30 : 46 : Object 36 marked for deletion!
 20: 30 : 46 : Object 37 marked for deletion!
 20: 30 : 46 : Object 38 marked for deletion!
 20: 30 : 46 : Object 39 marked for deletion!
 20: 30 : 46 : Object 40 marked for deletion!
 20: 30 : 46 : Object 41 marked for deletion!
 20: 30 : 46 : Object 42 marked for deletion!
 20: 30 : 46 : Object 43 marked for deletion!
 20: 30 : 46 : Object 44 marked for deletion!
 20: 30 : 46 : Object 45 marked for deletion!
 20: 30 : 46 : Object 46 marked for deletion!
 20: 30 : 46 : Object 47 marked for deletion!
 20: 30 : 46 : Object 48 marked for deletion!
 20: 30 : 46 : Object 49 marked for deletion!
 20: 30 : 46 : Obstacle Created
 20: 30 : 46 : Obstacle Created
 20: 30 : 46 : Obstacle Created
 20: 30 : 46 : Obstacle Created
 20: 30 : 46 : Obstacle Created
 20: 30 : 46 : Obstacle Created
 20: 30 : 46 : Obstacle Created
 20: 30 : 46 : Obstacle Created
 20: 30 : 46 : Obstacle Created
 20: 30 : 46 : Obstacle Created
 20: 30 : 46 : Obstacle Created
 20: 30 : 46 : Obstacle Created
 20: 30 : 46 : Obstacle Created
 20: 30 : 46 : Obstacle Created
 20: 30 : 46 : Obstacle Created
 20: 30 : 46 : Obstacle Created
 20: 30 : 46 : Obstacle Created
 20: 30 : 46 : Obstacle Created
 20: 30 : 46 : Obstacle Created
 20: 30 : 46 : Obstacle Created
 20: 30 : 46 : Obstacle Created
 20: 30 : 46 : Obstacle Created
 20: 30 : 46 : Obstacle Created
 20: 30 : 46 : Obstacle Created
 20: 30 : 46 : Obstacle Created
 20: 30 : 46 : Obstacle Created
 20: 30 : 46 : Obstacle Created
 20: 30 : 46 : Obstacle Created
 20: 30 : 46 : Obstacle Created
 20: 30 : 46 : Obstacle Created
 20: 30 : 46 : Obstacle Created
 20: 30 : 46 : Obstacle Created
 20: 30 : 46 : Obstacle Created
 20: 30 : 46 : Obstacle Created
 20: 30 : 46 : Obstacle Created
 20: 30 : 46 : Obstacle Created
 20: 30 : 46 : Obstacle Created
 20: 30 : 46 : Obstacle Created
 20: 30 : 46 : Obstacle Created
 20: 30 : 46 : Obstacle Created
 20: 30 : 46 : Obstacle Created
 20: 30 : 46 : Obstacle Created
 20: 30 : 46 : Obstacle Created
 20: 30 : 46 : Obstacle Created
 20: 30 : 46 : Obstacle Created
 20: 30 : 46 : Obstacle Created
 20: 30 : 46 : Obstacle Created
 20: 30 : 46 : Obstacle Created
 20: 30 : 46 : Obstacle Created
 20: 30 : 46 : Obstacle Created
 20: 30 : 46 : Obstacle Created
 20: 30 : 46 : Obstacle Created
 20: 30 : 46 : Obstacle Created
 20: 30 : 46 : Obstacle Created
 20: 30 : 46 : Obstacle Created
 20: 30 : 46 : Obstacle Created
 20: 30 : 46 : Obstacle Created
 20: 30 : 46 : Obstacle Created
 20: 30 : 46 : Obstacle Created
 20: 30 : 46 : Obstacle Created
 20: 30 : 46 : Obstacle Created
 20: 30 : 46 : Obstacle Created
 20: 30 : 46 : Obstacle Created
 20: 30 : 46 : Obstacle Created
 20: 30 : 46 : Obstacle Created
 20: 30 : 46 : Obstacle Created
 20: 30 : 46 : Obstacle Created
 20: 30 : 46 : Obstacle Created
 20: 30 : 46 : Obstacle Created
 20: 30 : 46 : Obstacle Created
 20: 30 : 46 : Obstacle Created
 20: 30 : 46 : Obstacle Created
 20: 30 : 46 : Obstacle Created
 20: 30 : 46 : Obstacle Created
 20: 30 : 46 : the sprite loaded
 20: 30 : 46 : the sprite loaded
 20: 30 : 46 : the sprite loaded
 20: 30 : 46 : the sprite loaded
 20: 30 : 46 : the sprite loaded
 20: 30 : 46 : the sprite loaded
 20: 30 : 46 : Obstacle Created
 20: 30 : 46 : Set to 2
 20: 30 : 46 : Object 43 marked for deletion!
 20: 30 : 46 : Object 45 marked for deletion!
 20: 30 : 46 : Object 47 marked for deletion!
 20: 30 : 46 : Object 49 marked for deletion!
 20: 30 : 57 : Object 0 marked for deletion!
 20: 30 : 57 : GameOver set to true
 20: 30 : 57 : GameOver set to true
 20: 30 : 57 : GameOver set to true
 20: 30 : 57 : GameOver set to true
 20: 30 : 57 : GameOver set to true
 20: 30 : 57 : GameOver set to true
 20: 30 : 57 : GameOver set to true
 20: 30 : 57 : GameOver set to true
 20: 30 : 57 : GameOver set to true
 20: 30 : 57 : GameOver set to true
 20: 30 : 57 : GameOver set to true
 20: 30 : 57 : GameOver set to true
 20: 30 : 57 : GameOver set to true
 20: 30 : 57 : GameOver set to true
 20: 30 : 57 : GameOver set to true
 20: 30 : 57 : GameOver set to true
 20: 30 : 57 : GameOver set to true
 20: 30 : 57 : GameOver set to true
 20: 30 : 57 : GameOver set to true
 20: 30 : 57 : GameOver set to true
 20: 30 : 57 : GameOver set to true
 20: 30 : 57 : GameOver set to true
 20: 30 : 57 : GameOver set to true
 20: 30 : 57 : GameOver set to true
 20: 30 : 57 : GameOver set to true
 20: 30 : 57 : GameOver set to true
 20: 30 : 57 : GameOver set to true
 20: 30 : 57 : GameOver set to true
 20: 30 : 57 : GameOver set to true
 20: 30 : 57 : GameOver set to true
 20: 30 : 57 : GameOver set to true
 20: 30 : 57 : GameOver set to true
 20: 30 : 57 : GameOver set to true
 20: 30 : 57 : GameOver set to true
 20: 30 : 57 : GameOver set to true
 20: 30 : 57 : GameOver set to true
 20: 30 : 57 : GameOver set to true
 20: 30 : 57 : GameOver set to true
 20: 30 : 57 : GameOver set to true
 20: 30 : 57 : GameOver set to true
 20: 30 : 57 : GameOver set to true
 20: 30 : 57 : GameOver set to true
 20: 30 : 57 : GameOver set to true
 20: 30 : 57 : GameOver set to true
 20: 30 : 57 : GameOver set to true
 20: 30 : 57 : GameOver set to true
 20: 30 : 57 : GameOver set to true
 20: 30 : 57 : GameOver set to true
 20: 30 : 57 : GameOver set to true
 20: 30 : 57 : GameOver set to true
 20: 30 : 57 : GameOver set to true
 20: 30 : 57 : GameOver set to true
 20: 30 : 57 : GameOver set to true
 20: 30 : 57 : GameOver set to true
 20: 30 : 57 : GameOver set to true
 20: 30 : 57 : GameOver set to true
 20: 30 : 57 : GameOver set to true
 20: 30 : 57 : GameOver set to true
 20: 30 : 57 : GameOver set to true
 20: 30 : 57 : GameOver set to true
 20: 30 : 57 : GameOver set to true
 20: 30 : 57 : GameOver set to true
 20: 30 : 57 : GameOver set to true
 20: 30 : 57 : GameOver set to true
 20: 30 : 57 : GameOver set to true
 20: 30 : 57 : GameOver set to true
 20: 30 : 57 : GameOver set to true
 20: 30 : 57 : GameOver set to true
 20: 30 : 57 : GameOver set to true
 20: 30 : 57 : GameOver set to true
 20: 30 : 57 : GameOver set to true
 20: 30 : 57 : GameOver set to true
 20: 30 : 57 : GameOver set to true
 20: 30 : 57 : GameOver set to true
 20: 30 : 57 : GameOver set to true
 20: 30 : 57 : GameOver set to true